[19:41:00] [main/INFO] (FabricLoader/GameProvider) Loading Minecraft 1.20.1 with Fabric Loader 0.15.0
[19:41:01] [main/INFO] (FabricLoader) Loading 48 mods:
	- changecolor 1.0
	- fabric-api 0.86.1+1.20.1
	- fabric-api-base 0.4.30+7abfd51577
	- fabric-api-lookup-api-v1 1.6.35+4d8536c977
	- fabric-biome-api-v1 13.0.10+b3afc78b77
	- fabric-block-api-v1 1.0.9+e022e5d177
	- fabric-blockrenderlayer-v1 1.1.40+b3afc78b77
	- fabric-client-tags-api-v1 1.1.1+97bb207577
	- fabric-command-api-v2 2.2.12+b3afc78b77
	- fabric-content-registries-v0 4.0.9+b3afc78b77
	- fabric-convention-tags-v1 1.5.4+a1a980da77
	- fabric-crash-report-info-v1 0.2.18+aeb40ebe77
	- fabric-data-generation-api-v1 12.2.1+1e61dba177
	- fabric-dimensions-v1 2.1.52+b3afc78b77
	- fabric-entity-events-v1 1.5.22+b3afc78b77
	- fabric-events-interaction-v0 0.6.1+e91849a877
	- fabric-game-rule-api-v1 1.0.38+b04edc7a77
	- fabric-gametest-api-v1 1.2.12+b3afc78b77
	- fabric-item-api-v1 2.1.27+b3afc78b77
	- fabric-item-group-api-v1 4.0.10+23d9108177
	- fabric-key-binding-api-v1 1.0.36+fb8d95da77
	- fabric-lifecycle-events-v1 2.2.21+b3afc78b77
	- fabric-loot-api-v2 1.1.39+b3afc78b77
	- fabric-message-api-v1 5.1.7+3265161977
	- fabric-mining-level-api-v1 2.1.49+b3afc78b77
	- fabric-model-loading-api-v1 1.0.2+709a987177
	- fabric-networking-api-v1 1.3.9+b3afc78b77
	- fabric-object-builder-api-v1 11.1.1+6beca84877
	- fabric-particles-v1 1.1.1+201a23a077
	- fabric-recipe-api-v1 1.0.19+b3afc78b77
	- fabric-registry-sync-v0 2.3.1+4df89eb277
	- fabric-renderer-api-v1 3.1.1+9386d8a777
	- fabric-renderer-indigo 1.4.1+9172968c77
	- fabric-rendering-data-attachment-v1 0.3.34+b3afc78b77
	- fabric-rendering-fluids-v1 3.0.27+b3afc78b77
	- fabric-rendering-v1 3.0.7+b3afc78b77
	- fabric-resource-conditions-api-v1 2.3.5+ea08f9d877
	- fabric-resource-loader-v0 0.11.9+132c48c177
	- fabric-screen-api-v1 2.0.7+b3afc78b77
	- fabric-screen-handler-api-v1 1.3.28+b3afc78b77
	- fabric-sound-api-v1 1.0.12+b3afc78b77
	- fabric-transfer-api-v1 3.3.0+cdf060b277
	- fabric-transitive-access-wideners-v1 4.3.0+6c31357e77
	- fabricloader 0.15.0
	   \-- mixinextras 0.3.0
	- java 17
	- minecraft 1.20.1
	- tmmouse 1.0
[19:41:04] [main/INFO] (FabricLoader/Mixin) SpongePowered MIXIN Subsystem Version=0.8.5 Source=file:/C:/Users/User/.gradle/caches/modules-2/files-2.1/net.fabricmc/sponge-mixin/0.12.5+mixin.0.8.5/8d31fb97c3e0cd7c8dad3441851c523bcfae6d8e/sponge-mixin-0.12.5+mixin.0.8.5.jar Service=Knot/Fabric Env=CLIENT
[19:41:04] [main/INFO] (FabricLoader/Mixin) Loaded Fabric development mappings for mixin remapper!
[19:41:04] [main/INFO] (FabricLoader/Mixin) Compatibility level set to JAVA_16
[19:41:04] [main/INFO] (FabricLoader/Mixin) Compatibility level set to JAVA_17
[19:41:06] [main/INFO] (FabricLoader/MixinExtras|Service) Initializing MixinExtras via com.llamalad7.mixinextras.service.MixinExtrasServiceImpl(version=0.3.0).
[19:41:12] [Datafixer Bootstrap/INFO] (Minecraft) 188 Datafixer optimizations took 191 milliseconds
[19:41:15] [Render thread/INFO] (Minecraft) Environment: authHost='https://authserver.mojang.com', accountsHost='https://api.mojang.com', sessionHost='https://sessionserver.mojang.com', servicesHost='https://api.minecraftservices.com', name='PROD'
[19:41:15] [Render thread/ERROR] (Minecraft) Failed to verify authentication
com.mojang.authlib.exceptions.InvalidCredentialsException: Status: 401
	at com.mojang.authlib.exceptions.MinecraftClientHttpException.toAuthenticationException(MinecraftClientHttpException.java:56) ~[authlib-4.0.43.jar:?]
	at com.mojang.authlib.yggdrasil.YggdrasilUserApiService.fetchProperties(YggdrasilUserApiService.java:156) ~[authlib-4.0.43.jar:?]
	at com.mojang.authlib.yggdrasil.YggdrasilUserApiService.<init>(YggdrasilUserApiService.java:55) ~[authlib-4.0.43.jar:?]
	at com.mojang.authlib.yggdrasil.YggdrasilAuthenticationService.createUserApiService(YggdrasilAuthenticationService.java:124) ~[authlib-4.0.43.jar:?]
	at net.minecraft.client.MinecraftClient.createUserApiService(MinecraftClient.java:712) ~[minecraft-merged-project-root-1.20.1-net.fabricmc.yarn.1_20_1.1.20.1+build.10-v2.jar:?]
	at net.minecraft.client.MinecraftClient.<init>(MinecraftClient.java:507) ~[minecraft-merged-project-root-1.20.1-net.fabricmc.yarn.1_20_1.1.20.1+build.10-v2.jar:?]
	at net.minecraft.client.main.Main.main(Main.java:191) ~[minecraft-merged-project-root-1.20.1-net.fabricmc.yarn.1_20_1.1.20.1+build.10-v2.jar:?]
	at net.fabricmc.loader.impl.game.minecraft.MinecraftGameProvider.launch(MinecraftGameProvider.java:470) ~[fabric-loader-0.15.0.jar:?]
	at net.fabricmc.loader.impl.launch.knot.Knot.launch(Knot.java:74) ~[fabric-loader-0.15.0.jar:?]
	at net.fabricmc.loader.impl.launch.knot.KnotClient.main(KnotClient.java:23) ~[fabric-loader-0.15.0.jar:?]
	at net.fabricmc.devlaunchinjector.Main.main(Main.java:86) ~[dev-launch-injector-0.2.1+build.8.jar:?]
Caused by: com.mojang.authlib.exceptions.MinecraftClientHttpException: Status: 401
	at com.mojang.authlib.minecraft.client.MinecraftClient.readInputStream(MinecraftClient.java:85) ~[authlib-4.0.43.jar:?]
	at com.mojang.authlib.minecraft.client.MinecraftClient.get(MinecraftClient.java:48) ~[authlib-4.0.43.jar:?]
	at com.mojang.authlib.yggdrasil.YggdrasilUserApiService.fetchProperties(YggdrasilUserApiService.java:129) ~[authlib-4.0.43.jar:?]
	... 9 more
[19:41:15] [Render thread/INFO] (Minecraft) Setting user: Player141
[19:41:16] [Render thread/INFO] (Minecraft) [STDERR]: java.io.FileNotFoundException: D:\ChangeColor\run\config\changecolor-config.json (Не удается найти указанный файл)
[19:41:16] [Render thread/INFO] (Minecraft) [STDERR]: 	at java.base/java.io.FileInputStream.open0(Native Method)
[19:41:16] [Render thread/INFO] (Minecraft) [STDERR]: 	at java.base/java.io.FileInputStream.open(FileInputStream.java:216)
[19:41:16] [Render thread/INFO] (Minecraft) [STDERR]: 	at java.base/java.io.FileInputStream.<init>(FileInputStream.java:157)
[19:41:16] [Render thread/INFO] (Minecraft) [STDERR]: 	at java.base/java.io.FileReader.<init>(FileReader.java:75)
[19:41:16] [Render thread/INFO] (Minecraft) [STDERR]: 	at net.ihor.changecolor.config.ModConfig.loadConfig(ModConfig.java:16)
[19:41:16] [Render thread/INFO] (Minecraft) [STDERR]: 	at net.ihor.changecolor.command.Command.register(Command.java:18)
[19:41:16] [Render thread/INFO] (Minecraft) [STDERR]: 	at net.ihor.changecolor.ChangeColor.onInitialize(ChangeColor.java:13)
[19:41:16] [Render thread/INFO] (Minecraft) [STDERR]: 	at net.fabricmc.loader.impl.FabricLoaderImpl.invokeEntrypoints(FabricLoaderImpl.java:384)
[19:41:16] [Render thread/INFO] (Minecraft) [STDERR]: 	at net.fabricmc.loader.impl.game.minecraft.Hooks.startClient(Hooks.java:52)
[19:41:16] [Render thread/INFO] (Minecraft) [STDERR]: 	at net.minecraft.client.MinecraftClient.<init>(MinecraftClient.java:519)
[19:41:16] [Render thread/INFO] (Minecraft) [STDERR]: 	at net.minecraft.client.main.Main.main(Main.java:191)
[19:41:16] [Render thread/INFO] (Minecraft) [STDERR]: 	at net.fabricmc.loader.impl.game.minecraft.MinecraftGameProvider.launch(MinecraftGameProvider.java:470)
[19:41:16] [Render thread/INFO] (Minecraft) [STDERR]: 	at net.fabricmc.loader.impl.launch.knot.Knot.launch(Knot.java:74)
[19:41:16] [Render thread/INFO] (Minecraft) [STDERR]: 	at net.fabricmc.loader.impl.launch.knot.KnotClient.main(KnotClient.java:23)
[19:41:16] [Render thread/INFO] (Minecraft) [STDERR]: 	at net.fabricmc.devlaunchinjector.Main.main(Main.java:86)
[19:41:16] [Render thread/INFO] (Indigo) [Indigo] Registering Indigo renderer!
[19:41:16] [Render thread/INFO] (Minecraft) Backend library: LWJGL version 3.3.1 SNAPSHOT
[19:41:17] [Render thread/INFO] (Minecraft) Reloading ResourceManager: vanilla, fabric (fabric-api-lookup-api-v1, fabric-api-base, fabric-entity-events-v1, fabric-crash-report-info-v1, fabric-registry-sync-v0, fabric-key-binding-api-v1, fabric-screen-api-v1, fabric-loot-api-v2, fabric-recipe-api-v1, fabricloader, fabric-events-interaction-v0, fabric-command-api-v2, fabric-networking-api-v1, fabric-data-generation-api-v1, fabric-model-loading-api-v1, fabric-particles-v1, fabric-transfer-api-v1, fabric-content-registries-v0, fabric-rendering-v1, fabric-renderer-indigo, fabric-sound-api-v1, fabric-rendering-data-attachment-v1, fabric-client-tags-api-v1, fabric-renderer-api-v1, fabric-block-api-v1, fabric-message-api-v1, fabric-mining-level-api-v1, fabric-api, fabric-resource-conditions-api-v1, fabric-biome-api-v1, fabric-blockrenderlayer-v1, changecolor, fabric-item-api-v1, fabric-transitive-access-wideners-v1, fabric-dimensions-v1, fabric-screen-handler-api-v1, fabric-convention-tags-v1, fabric-game-rule-api-v1, fabric-lifecycle-events-v1, fabric-rendering-fluids-v1, fabric-gametest-api-v1, fabric-item-group-api-v1, fabric-object-builder-api-v1, fabric-resource-loader-v0)
[19:41:18] [Worker-Main-5/INFO] (Minecraft) Found unifont_all_no_pua-15.0.06.hex, loading
[19:41:18] [Realms Notification Availability checker #1/INFO] (Minecraft) Could not authorize you against Realms server: Invalid session id
[19:41:19] [Render thread/WARN] (Minecraft) Missing sound for event: minecraft:item.goat_horn.play
[19:41:19] [Render thread/WARN] (Minecraft) Missing sound for event: minecraft:entity.goat.screaming.horn_break
[19:41:19] [Render thread/INFO] (Minecraft) OpenAL initialized on device OpenAL Soft on Speakers (Realtek(R) Audio)
[19:41:19] [Render thread/INFO] (Minecraft) Sound engine started
[19:41:19] [Render thread/INFO] (Minecraft) Created: 1024x512x4 minecraft:textures/atlas/blocks.png-atlas
[19:41:19] [Render thread/INFO] (Minecraft) Created: 256x256x4 minecraft:textures/atlas/signs.png-atlas
[19:41:19] [Render thread/INFO] (Minecraft) Created: 512x512x4 minecraft:textures/atlas/shield_patterns.png-atlas
[19:41:19] [Render thread/INFO] (Minecraft) Created: 512x512x4 minecraft:textures/atlas/banner_patterns.png-atlas
[19:41:19] [Render thread/INFO] (Minecraft) Created: 1024x1024x4 minecraft:textures/atlas/armor_trims.png-atlas
[19:41:19] [Render thread/INFO] (Minecraft) Created: 256x256x4 minecraft:textures/atlas/chest.png-atlas
[19:41:19] [Render thread/INFO] (Minecraft) Created: 128x64x4 minecraft:textures/atlas/decorated_pot.png-atlas
[19:41:19] [Render thread/INFO] (Minecraft) Created: 512x256x4 minecraft:textures/atlas/shulker_boxes.png-atlas
[19:41:19] [Render thread/INFO] (Minecraft) Created: 512x256x4 minecraft:textures/atlas/beds.png-atlas
[19:41:20] [Render thread/WARN] (Minecraft) Shader rendertype_entity_translucent_emissive could not find sampler named Sampler2 in the specified shader program.
[19:41:20] [Render thread/INFO] (Minecraft) Created: 256x256x0 minecraft:textures/atlas/particles.png-atlas
[19:41:20] [Render thread/INFO] (Minecraft) Created: 256x256x0 minecraft:textures/atlas/paintings.png-atlas
[19:41:20] [Render thread/INFO] (Minecraft) Created: 128x128x0 minecraft:textures/atlas/mob_effects.png-atlas
[19:41:25] [Render thread/INFO] (Minecraft) Loaded 7 recipes
[19:41:25] [Render thread/INFO] (Minecraft) Loaded 1271 advancements
[19:41:26] [Render thread/INFO] (BiomeModificationImpl) Applied 0 biome modifications to 0 of 64 new biomes in 2.656 ms
[19:41:26] [Server thread/INFO] (Minecraft) Starting integrated minecraft server version 1.20.1
[19:41:26] [Server thread/INFO] (Minecraft) Generating keypair
[19:41:27] [Server thread/INFO] (Minecraft) Preparing start region for dimension minecraft:overworld
[19:41:30] [Render thread/INFO] (Minecraft) Preparing spawn area: 0%
[19:41:30] [Render thread/INFO] (Minecraft) Preparing spawn area: 0%
[19:41:30] [Render thread/INFO] (Minecraft) Preparing spawn area: 0%
[19:41:30] [Render thread/INFO] (Minecraft) Preparing spawn area: 0%
[19:41:30] [Render thread/INFO] (Minecraft) Preparing spawn area: 0%
[19:41:30] [Render thread/INFO] (Minecraft) Preparing spawn area: 0%
[19:41:30] [Render thread/INFO] (Minecraft) Preparing spawn area: 12%
[19:41:31] [Render thread/INFO] (Minecraft) Time elapsed: 3493 ms
[19:41:31] [Server thread/INFO] (Minecraft) Changing view distance to 12, from 10
[19:41:31] [Server thread/INFO] (Minecraft) Changing simulation distance to 12, from 0
[19:41:32] [Server thread/INFO] (Minecraft) Player141[local:E:a0862142] logged in with entity id 183 at (-210.0204095384171, 63.0, 47.12804531672816)
[19:41:32] [Server thread/INFO] (Minecraft) Player141 joined the game
[19:41:33] [Render thread/INFO] (Minecraft) Loaded 10 advancements
[19:41:35] [Render thread/INFO] (Minecraft) [System] [CHAT] [Debug]: Hitboxes: shown
[19:41:41] [Render thread/WARN] (Minecraft) Unable to play empty soundEvent: minecraft:entity.salmon.ambient
[19:42:37] [Render thread/INFO] (Minecraft) [System] [CHAT] §cred: §f0.0; §9blue: §f10.0; §agreen: §f200.0; §7alpha: §f255.0
[19:42:49] [Server thread/INFO] (Minecraft) Player141 has made the advancement [Monster Hunter]
[19:42:49] [Render thread/INFO] (Minecraft) [System] [CHAT] Player141 has made the advancement [Monster Hunter]
[19:42:49] [Render thread/INFO] (Minecraft) Loaded 41 advancements
[19:42:54] [Server thread/INFO] (Minecraft) Saving and pausing game...
[19:42:54] [Server thread/INFO] (Minecraft) Saving chunks for level 'ServerLevel[New World]'/minecraft:overworld
[19:42:54] [Server thread/INFO] (Minecraft) Saving chunks for level 'ServerLevel[New World]'/minecraft:the_end
[19:42:54] [Server thread/INFO] (Minecraft) Saving chunks for level 'ServerLevel[New World]'/minecraft:the_nether
[19:42:55] [Server thread/INFO] (Minecraft) Saving and pausing game...
[19:42:55] [Server thread/INFO] (Minecraft) Saving chunks for level 'ServerLevel[New World]'/minecraft:overworld
[19:42:55] [Server thread/INFO] (Minecraft) Saving chunks for level 'ServerLevel[New World]'/minecraft:the_end
[19:42:55] [Server thread/INFO] (Minecraft) Saving chunks for level 'ServerLevel[New World]'/minecraft:the_nether
[19:42:56] [Render thread/INFO] (Minecraft) Stopping!
[19:42:56] [Server thread/INFO] (Minecraft) Player141 lost connection: Disconnected
[19:42:56] [Server thread/INFO] (Minecraft) Player141 left the game
[19:42:56] [Server thread/INFO] (Minecraft) Stopping singleplayer server as player logged out
[19:42:56] [Server thread/INFO] (Minecraft) Stopping server
[19:42:56] [Server thread/INFO] (Minecraft) Saving players
[19:42:56] [Server thread/INFO] (Minecraft) Saving worlds
[19:42:57] [Server thread/INFO] (Minecraft) Saving chunks for level 'ServerLevel[New World]'/minecraft:overworld
[19:42:57] [Server thread/INFO] (Minecraft) Saving chunks for level 'ServerLevel[New World]'/minecraft:the_end
[19:42:57] [Server thread/INFO] (Minecraft) Saving chunks for level 'ServerLevel[New World]'/minecraft:the_nether
[19:42:57] [Server thread/INFO] (Minecraft) ThreadedAnvilChunkStorage (New World): All chunks are saved
[19:42:57] [Server thread/INFO] (Minecraft) ThreadedAnvilChunkStorage (DIM1): All chunks are saved
[19:42:57] [Server thread/INFO] (Minecraft) ThreadedAnvilChunkStorage (DIM-1): All chunks are saved
[19:42:57] [Server thread/INFO] (Minecraft) ThreadedAnvilChunkStorage: All dimensions are saved
